<?xml version="1.0" encoding="UTF-8"?>
<!-- Generated by org.testng.reporters.JUnitXMLReporter -->
<testsuite ignored="0" hostname="Andreias-MacBook-Pro.local" failures="0" tests="2" name="Surefire test" time="15.129" errors="0" timestamp="2025-05-14T19:37:11 BRT">
  <testcase classname="com.example.screenplay.tests.NavigateToSiteTest" name="userCanNavigateToAutomationTestStore" time="5.09"/>
  <testcase classname="com.example.screenplay.tests.NavigateToSiteTest" name="userCanNavigateToAutomationTestStoreAndSelectMakeup" time="6.401"/>
</testsuite> <!-- Surefire test -->
