<?xml version="1.0" encoding="UTF-8"?>
<testsuite xmlns:xsi="http://www.w3.org/2001/XMLSchema-instance" xsi:noNamespaceSchemaLocation="https://maven.apache.org/surefire/maven-surefire-plugin/xsd/surefire-test-report-3.0.xsd" version="3.0" name="com.example.screenplay.tests.NavigateToSiteTest" time="15.32" tests="2" errors="0" skipped="0" failures="0">
  <properties>
[...]
</properties>
  <testcase name="userCanNavigateToAutomationTestStore" classname="com.example.screenplay.tests.NavigateToSiteTest" time="5.09">
    <system-out><![CDATA[James navigated to: https://automationteststore.com/
]]></system-out>
  </testcase>
  <testcase name="userCanNavigateToAutomationTestStoreAndSelectMakeup" classname="com.example.screenplay.tests.NavigateToSiteTest" time="6.401">
    <system-out><![CDATA[James navigated to: https://automationteststore.com/
James clicks on Makeup Menu Item located by (//a[contains(text(),'Makeup')])[2]
]]></system-out>
  </testcase>
</testsuite>