<?xml version="1.0" encoding="UTF-8"?>
<testng-results ignored="0" total="2" passed="2" failed="0" skipped="0">
  <reporter-output>
  </reporter-output>
  <suite started-at="2025-05-14T19:36:55 BRT" name="Surefire suite" finished-at="2025-05-14T19:37:11 BRT" duration-ms="15129">
    <groups>
    </groups>
    <test started-at="2025-05-14T19:36:55 BRT" name="Surefire test" finished-at="2025-05-14T19:37:11 BRT" duration-ms="15129">
      <class name="com.example.screenplay.tests.NavigateToSiteTest">
        <test-method is-config="true" signature="setUp()[pri:0, instance:com.example.screenplay.tests.NavigateToSiteTest@255b53dc]" started-at="2025-05-14T19:36:55 BRT" name="setUp" finished-at="2025-05-14T19:36:58 BRT" duration-ms="2738" status="PASS">
          <reporter-output>
          </reporter-output>
        </test-method> <!-- setUp -->
        <test-method signature="userCanNavigateToAutomationTestStore()[pri:0, instance:com.example.screenplay.tests.NavigateToSiteTest@255b53dc]" started-at="2025-05-14T19:36:58 BRT" name="userCanNavigateToAutomationTestStore" finished-at="2025-05-14T19:37:03 BRT" duration-ms="5090" status="PASS">
          <reporter-output>
          </reporter-output>
        </test-method> <!-- userCanNavigateToAutomationTestStore -->
        <test-method is-config="true" signature="tearDown()[pri:0, instance:com.example.screenplay.tests.NavigateToSiteTest@255b53dc]" started-at="2025-05-14T19:37:03 BRT" name="tearDown" finished-at="2025-05-14T19:37:03 BRT" duration-ms="104" status="PASS">
          <reporter-output>
          </reporter-output>
        </test-method> <!-- tearDown -->
        <test-method is-config="true" signature="setUp()[pri:0, instance:com.example.screenplay.tests.NavigateToSiteTest@255b53dc]" started-at="2025-05-14T19:37:03 BRT" name="setUp" finished-at="2025-05-14T19:37:04 BRT" duration-ms="657" status="PASS">
          <reporter-output>
          </reporter-output>
        </test-method> <!-- setUp -->
        <test-method signature="userCanNavigateToAutomationTestStoreAndSelectMakeup()[pri:0, instance:com.example.screenplay.tests.NavigateToSiteTest@255b53dc]" started-at="2025-05-14T19:37:04 BRT" name="userCanNavigateToAutomationTestStoreAndSelectMakeup" finished-at="2025-05-14T19:37:10 BRT" duration-ms="6401" status="PASS">
          <reporter-output>
          </reporter-output>
        </test-method> <!-- userCanNavigateToAutomationTestStoreAndSelectMakeup -->
        <test-method is-config="true" signature="tearDown()[pri:0, instance:com.example.screenplay.tests.NavigateToSiteTest@255b53dc]" started-at="2025-05-14T19:37:10 BRT" name="tearDown" finished-at="2025-05-14T19:37:11 BRT" duration-ms="123" status="PASS">
          <reporter-output>
          </reporter-output>
        </test-method> <!-- tearDown -->
      </class> <!-- com.example.screenplay.tests.NavigateToSiteTest -->
    </test> <!-- Surefire test -->
  </suite> <!-- Surefire suite -->
</testng-results>
